Vivado Simulator v2022.2
Copyright 1986-1999, 2001-2022 Xilinx, Inc. All Rights Reserved.
Running: E:/Vivado/Vivado/2022.2/bin/unwrapped/win64.o/xelab.exe --incr --debug typical --relax --mt 2 -L xil_defaultlib -L unisims_ver -L unimacro_ver -L secureip --snapshot conv_tb_behav xil_defaultlib.conv_tb xil_defaultlib.glbl -log elaborate.log 
Using 2 slave threads.
Starting static elaboration
Pass Through NonSizing Optimizer
WARNING: [VRFC 10-3027] 'num' was previously declared with a different range [E:/Vivado/project/conv/conv_psum_buffer.v:15]
Completed static elaboration
Starting simulation data flow analysis
WARNING: [XSIM 43-4099] "E:/Vivado/project/conv/conv_weight_buffer.v" Line 3. Module conv_weight_buffer doesn't have a timescale but at least one module in design has a timescale.
WARNING: [XSIM 43-4099] "E:/Vivado/project/conv/conv_bias_buffer.v" Line 3. Module conv_bias_buffer doesn't have a timescale but at least one module in design has a timescale.
WARNING: [XSIM 43-4099] "E:/Vivado/project/conv/image_buffer.v" Line 2. Module image_buffer doesn't have a timescale but at least one module in design has a timescale.
WARNING: [XSIM 43-4099] "E:/Vivado/project/conv/conv.v" Line 2. Module conv_default doesn't have a timescale but at least one module in design has a timescale.
WARNING: [XSIM 43-4099] "E:/Vivado/project/conv/conv_layer.v" Line 2. Module conv_layer doesn't have a timescale but at least one module in design has a timescale.
WARNING: [XSIM 43-4099] "E:/Vivado/project/conv/conv_layer.v" Line 2. Module conv_layer doesn't have a timescale but at least one module in design has a timescale.
WARNING: [XSIM 43-4099] "E:/Vivado/project/conv/conv_layer.v" Line 2. Module conv_layer doesn't have a timescale but at least one module in design has a timescale.
WARNING: [XSIM 43-4099] "E:/Vivado/project/conv/conv_layer.v" Line 2. Module conv_layer doesn't have a timescale but at least one module in design has a timescale.
WARNING: [XSIM 43-4099] "E:/Vivado/project/conv/conv_layer.v" Line 2. Module conv_layer doesn't have a timescale but at least one module in design has a timescale.
WARNING: [XSIM 43-4099] "E:/Vivado/project/conv/conv_layer.v" Line 2. Module conv_layer doesn't have a timescale but at least one module in design has a timescale.
WARNING: [XSIM 43-4099] "E:/Vivado/project/conv/conv_layer.v" Line 2. Module conv_layer doesn't have a timescale but at least one module in design has a timescale.
WARNING: [XSIM 43-4099] "E:/Vivado/project/conv/conv_layer.v" Line 2. Module conv_layer doesn't have a timescale but at least one module in design has a timescale.
WARNING: [XSIM 43-4099] "E:/Vivado/project/conv/conv_layer.v" Line 2. Module conv_layer doesn't have a timescale but at least one module in design has a timescale.
WARNING: [XSIM 43-4099] "E:/Vivado/project/conv/conv_layer.v" Line 2. Module conv_layer doesn't have a timescale but at least one module in design has a timescale.
WARNING: [XSIM 43-4099] "E:/Vivado/project/conv/conv_layer.v" Line 2. Module conv_layer doesn't have a timescale but at least one module in design has a timescale.
WARNING: [XSIM 43-4099] "E:/Vivado/project/conv/conv_layer.v" Line 2. Module conv_layer doesn't have a timescale but at least one module in design has a timescale.
WARNING: [XSIM 43-4099] "E:/Vivado/project/conv/conv_layer.v" Line 2. Module conv_layer doesn't have a timescale but at least one module in design has a timescale.
WARNING: [XSIM 43-4099] "E:/Vivado/project/conv/conv_layer.v" Line 2. Module conv_layer doesn't have a timescale but at least one module in design has a timescale.
WARNING: [XSIM 43-4099] "E:/Vivado/project/conv/conv_layer.v" Line 2. Module conv_layer doesn't have a timescale but at least one module in design has a timescale.
WARNING: [XSIM 43-4099] "E:/Vivado/project/conv/conv_layer.v" Line 2. Module conv_layer doesn't have a timescale but at least one module in design has a timescale.
WARNING: [XSIM 43-4099] "E:/Vivado/project/conv/conv_layer.v" Line 2. Module conv_layer doesn't have a timescale but at least one module in design has a timescale.
WARNING: [XSIM 43-4099] "E:/Vivado/project/conv/conv_layer.v" Line 2. Module conv_layer doesn't have a timescale but at least one module in design has a timescale.
WARNING: [XSIM 43-4099] "E:/Vivado/project/conv/conv_layer.v" Line 2. Module conv_layer doesn't have a timescale but at least one module in design has a timescale.
WARNING: [XSIM 43-4099] "E:/Vivado/project/conv/conv_layer.v" Line 2. Module conv_layer doesn't have a timescale but at least one module in design has a timescale.
WARNING: [XSIM 43-4099] "E:/Vivado/project/conv/conv_layer.v" Line 2. Module conv_layer doesn't have a timescale but at least one module in design has a timescale.
WARNING: [XSIM 43-4099] "E:/Vivado/project/conv/conv_layer.v" Line 2. Module conv_layer doesn't have a timescale but at least one module in design has a timescale.
WARNING: [XSIM 43-4099] "E:/Vivado/project/conv/conv_layer.v" Line 2. Module conv_layer doesn't have a timescale but at least one module in design has a timescale.
WARNING: [XSIM 43-4099] "E:/Vivado/project/conv/conv_layer.v" Line 2. Module conv_layer doesn't have a timescale but at least one module in design has a timescale.
WARNING: [XSIM 43-4099] "E:/Vivado/project/conv/conv_layer.v" Line 2. Module conv_layer doesn't have a timescale but at least one module in design has a timescale.
WARNING: [XSIM 43-4099] "E:/Vivado/project/conv/conv_layer.v" Line 2. Module conv_layer doesn't have a timescale but at least one module in design has a timescale.
WARNING: [XSIM 43-4099] "E:/Vivado/project/conv/conv_layer.v" Line 2. Module conv_layer doesn't have a timescale but at least one module in design has a timescale.
WARNING: [XSIM 43-4099] "E:/Vivado/project/conv/conv_layer.v" Line 2. Module conv_layer doesn't have a timescale but at least one module in design has a timescale.
WARNING: [XSIM 43-4099] "E:/Vivado/project/conv/conv_layer.v" Line 2. Module conv_layer doesn't have a timescale but at least one module in design has a timescale.
WARNING: [XSIM 43-4099] "E:/Vivado/project/conv/conv_layer.v" Line 2. Module conv_layer doesn't have a timescale but at least one module in design has a timescale.
WARNING: [XSIM 43-4099] "E:/Vivado/project/conv/conv_layer.v" Line 2. Module conv_layer doesn't have a timescale but at least one module in design has a timescale.
WARNING: [XSIM 43-4099] "E:/Vivado/project/conv/conv_layer.v" Line 2. Module conv_layer doesn't have a timescale but at least one module in design has a timescale.
WARNING: [XSIM 43-4099] "E:/Vivado/project/conv/conv_psum_buffer.v" Line 3. Module conv_psum_buffer doesn't have a timescale but at least one module in design has a timescale.
WARNING: [XSIM 43-4099] "E:/Vivado/project/conv/conv_weight_buffer.v" Line 3. Module conv_weight_buffer doesn't have a timescale but at least one module in design has a timescale.
WARNING: [XSIM 43-4099] "E:/Vivado/project/conv/conv_bias_buffer.v" Line 3. Module conv_bias_buffer doesn't have a timescale but at least one module in design has a timescale.
WARNING: [XSIM 43-4099] "E:/Vivado/project/conv/image_buffer.v" Line 2. Module image_buffer doesn't have a timescale but at least one module in design has a timescale.
WARNING: [XSIM 43-4099] "E:/Vivado/project/conv/conv.v" Line 2. Module conv_default doesn't have a timescale but at least one module in design has a timescale.
WARNING: [XSIM 43-4099] "E:/Vivado/project/conv/conv_layer.v" Line 2. Module conv_layer doesn't have a timescale but at least one module in design has a timescale.
WARNING: [XSIM 43-4099] "E:/Vivado/project/conv/conv_layer.v" Line 2. Module conv_layer doesn't have a timescale but at least one module in design has a timescale.
WARNING: [XSIM 43-4099] "E:/Vivado/project/conv/conv_layer.v" Line 2. Module conv_layer doesn't have a timescale but at least one module in design has a timescale.
WARNING: [XSIM 43-4099] "E:/Vivado/project/conv/conv_layer.v" Line 2. Module conv_layer doesn't have a timescale but at least one module in design has a timescale.
WARNING: [XSIM 43-4099] "E:/Vivado/project/conv/conv_layer.v" Line 2. Module conv_layer doesn't have a timescale but at least one module in design has a timescale.
WARNING: [XSIM 43-4099] "E:/Vivado/project/conv/conv_layer.v" Line 2. Module conv_layer doesn't have a timescale but at least one module in design has a timescale.
WARNING: [XSIM 43-4099] "E:/Vivado/project/conv/conv_layer.v" Line 2. Module conv_layer doesn't have a timescale but at least one module in design has a timescale.
WARNING: [XSIM 43-4099] "E:/Vivado/project/conv/conv_layer.v" Line 2. Module conv_layer doesn't have a timescale but at least one module in design has a timescale.
WARNING: [XSIM 43-4099] "E:/Vivado/project/conv/conv_layer.v" Line 2. Module conv_layer doesn't have a timescale but at least one module in design has a timescale.
WARNING: [XSIM 43-4099] "E:/Vivado/project/conv/conv_layer.v" Line 2. Module conv_layer doesn't have a timescale but at least one module in design has a timescale.
WARNING: [XSIM 43-4099] "E:/Vivado/project/conv/conv_layer.v" Line 2. Module conv_layer doesn't have a timescale but at least one module in design has a timescale.
WARNING: [XSIM 43-4099] "E:/Vivado/project/conv/conv_layer.v" Line 2. Module conv_layer doesn't have a timescale but at least one module in design has a timescale.
WARNING: [XSIM 43-4099] "E:/Vivado/project/conv/conv_layer.v" Line 2. Module conv_layer doesn't have a timescale but at least one module in design has a timescale.
WARNING: [XSIM 43-4099] "E:/Vivado/project/conv/conv_layer.v" Line 2. Module conv_layer doesn't have a timescale but at least one module in design has a timescale.
WARNING: [XSIM 43-4099] "E:/Vivado/project/conv/conv_layer.v" Line 2. Module conv_layer doesn't have a timescale but at least one module in design has a timescale.
WARNING: [XSIM 43-4099] "E:/Vivado/project/conv/conv_layer.v" Line 2. Module conv_layer doesn't have a timescale but at least one module in design has a timescale.
WARNING: [XSIM 43-4099] "E:/Vivado/project/conv/conv_layer.v" Line 2. Module conv_layer doesn't have a timescale but at least one module in design has a timescale.
WARNING: [XSIM 43-4099] "E:/Vivado/project/conv/conv_layer.v" Line 2. Module conv_layer doesn't have a timescale but at least one module in design has a timescale.
WARNING: [XSIM 43-4099] "E:/Vivado/project/conv/conv_layer.v" Line 2. Module conv_layer doesn't have a timescale but at least one module in design has a timescale.
WARNING: [XSIM 43-4099] "E:/Vivado/project/conv/conv_layer.v" Line 2. Module conv_layer doesn't have a timescale but at least one module in design has a timescale.
WARNING: [XSIM 43-4099] "E:/Vivado/project/conv/conv_layer.v" Line 2. Module conv_layer doesn't have a timescale but at least one module in design has a timescale.
WARNING: [XSIM 43-4099] "E:/Vivado/project/conv/conv_layer.v" Line 2. Module conv_layer doesn't have a timescale but at least one module in design has a timescale.
WARNING: [XSIM 43-4099] "E:/Vivado/project/conv/conv_layer.v" Line 2. Module conv_layer doesn't have a timescale but at least one module in design has a timescale.
WARNING: [XSIM 43-4099] "E:/Vivado/project/conv/conv_layer.v" Line 2. Module conv_layer doesn't have a timescale but at least one module in design has a timescale.
WARNING: [XSIM 43-4099] "E:/Vivado/project/conv/conv_layer.v" Line 2. Module conv_layer doesn't have a timescale but at least one module in design has a timescale.
WARNING: [XSIM 43-4099] "E:/Vivado/project/conv/conv_layer.v" Line 2. Module conv_layer doesn't have a timescale but at least one module in design has a timescale.
WARNING: [XSIM 43-4099] "E:/Vivado/project/conv/conv_layer.v" Line 2. Module conv_layer doesn't have a timescale but at least one module in design has a timescale.
WARNING: [XSIM 43-4099] "E:/Vivado/project/conv/conv_layer.v" Line 2. Module conv_layer doesn't have a timescale but at least one module in design has a timescale.
WARNING: [XSIM 43-4099] "E:/Vivado/project/conv/conv_layer.v" Line 2. Module conv_layer doesn't have a timescale but at least one module in design has a timescale.
WARNING: [XSIM 43-4099] "E:/Vivado/project/conv/conv_layer.v" Line 2. Module conv_layer doesn't have a timescale but at least one module in design has a timescale.
WARNING: [XSIM 43-4099] "E:/Vivado/project/conv/conv_layer.v" Line 2. Module conv_layer doesn't have a timescale but at least one module in design has a timescale.
WARNING: [XSIM 43-4099] "E:/Vivado/project/conv/conv_layer.v" Line 2. Module conv_layer doesn't have a timescale but at least one module in design has a timescale.
WARNING: [XSIM 43-4099] "E:/Vivado/project/conv/conv_psum_buffer.v" Line 3. Module conv_psum_buffer doesn't have a timescale but at least one module in design has a timescale.
Completed simulation data flow analysis
Time Resolution for simulation is 1ps
Compiling module xil_defaultlib.conv_weight_buffer
Compiling module xil_defaultlib.conv_bias_buffer
Compiling module xil_defaultlib.image_buffer
Compiling module xil_defaultlib.conv_layer
Compiling module xil_defaultlib.conv_default
Compiling module xil_defaultlib.conv_psum_buffer
Compiling module xil_defaultlib.conv_tb
Compiling module xil_defaultlib.glbl
Built simulation snapshot conv_tb_behav
